E:\GITHUB\_WECHAT\WECHAT\DEBUG\WECHAT.EXE
E:\GITHUB\_WECHAT\WECHAT\DEBUG\WECHAT.ILK
E:\GITHUB\_WECHAT\WECHAT\DEBUG\WECHAT.PDB
E:\GITHUB\_WECHAT\WECHAT\WECHAT\DEBUG\BUBBLECHAT.OBJ
E:\github\_WeChat\WeChat\WeChat\Debug\cl.command.1.tlog
E:\github\_WeChat\WeChat\WeChat\Debug\CL.read.1.tlog
E:\github\_WeChat\WeChat\WeChat\Debug\CL.write.1.tlog
E:\GITHUB\_WECHAT\WECHAT\WECHAT\DEBUG\CONTACTUI.OBJ
E:\GITHUB\_WECHAT\WECHAT\WECHAT\DEBUG\DUITRAYICON.OBJ
E:\GITHUB\_WECHAT\WECHAT\WECHAT\DEBUG\FRIENDLISTUI.OBJ
E:\github\_WeChat\WeChat\WeChat\Debug\link.command.1.tlog
E:\github\_WeChat\WeChat\WeChat\Debug\link.read.1.tlog
E:\github\_WeChat\WeChat\WeChat\Debug\link.write.1.tlog
E:\github\_WeChat\WeChat\WeChat\Debug\link-cvtres.read.1.tlog
E:\github\_WeChat\WeChat\WeChat\Debug\link-cvtres.write.1.tlog
E:\GITHUB\_WECHAT\WECHAT\WECHAT\DEBUG\MAIN.OBJ
E:\GITHUB\_WECHAT\WECHAT\WECHAT\DEBUG\MAINFRAME.OBJ
E:\github\_WeChat\WeChat\WeChat\Debug\mt.command.1.tlog
E:\github\_WeChat\WeChat\WeChat\Debug\mt.read.1.tlog
E:\github\_WeChat\WeChat\WeChat\Debug\mt.write.1.tlog
E:\GITHUB\_WECHAT\WECHAT\WECHAT\DEBUG\NODE.OBJ
E:\github\_WeChat\WeChat\WeChat\Debug\rc.command.1.tlog
E:\github\_WeChat\WeChat\WeChat\Debug\rc.read.1.tlog
E:\github\_WeChat\WeChat\WeChat\Debug\rc.write.1.tlog
E:\GITHUB\_WECHAT\WECHAT\WECHAT\DEBUG\STDAFX.OBJ
E:\github\_WeChat\WeChat\WeChat\Debug\vc100.idb
E:\GITHUB\_WECHAT\WECHAT\WECHAT\DEBUG\VC100.PDB
E:\github\_WeChat\WeChat\WeChat\Debug\WeChat.exe.embed.manifest
E:\GITHUB\_WECHAT\WECHAT\WECHAT\DEBUG\WECHAT.EXE.EMBED.MANIFEST.RES
E:\GITHUB\_WECHAT\WECHAT\WECHAT\DEBUG\WECHAT.EXE.INTERMEDIATE.MANIFEST
E:\GITHUB\_WECHAT\WECHAT\WECHAT\DEBUG\WECHAT.PCH
E:\GITHUB\_WECHAT\WECHAT\WECHAT\DEBUG\WECHAT.RES
E:\github\_WeChat\WeChat\WeChat\Debug\WeChat_manifest.rc
E:\VS\DUILIB\WECHAT\DEBUG\WECHAT.EXE
E:\VS\DUILIB\WECHAT\DEBUG\WECHAT.ILK
E:\VS\DUILIB\WECHAT\DEBUG\WECHAT.PDB
E:\VS\DUILIB\WECHAT\WECHAT\DEBUG\BUBBLECHAT.OBJ
E:\VS\DUILIB\WECHAT\WECHAT\DEBUG\CONTACTUI.OBJ
E:\VS\DUILIB\WECHAT\WECHAT\DEBUG\DUITRAYICON.OBJ
E:\VS\DUILIB\WECHAT\WECHAT\DEBUG\FRIENDLISTUI.OBJ
E:\VS\DUILIB\WECHAT\WECHAT\DEBUG\MAIN.OBJ
E:\VS\DUILIB\WECHAT\WECHAT\DEBUG\MAINFRAME.OBJ
E:\VS\DUILIB\WECHAT\WECHAT\DEBUG\NODE.OBJ
E:\VS\DUILIB\WECHAT\WECHAT\DEBUG\STDAFX.OBJ
E:\VS\DUILIB\WECHAT\WECHAT\DEBUG\VC100.PDB
E:\VS\DUILIB\WECHAT\WECHAT\DEBUG\WECHAT.EXE.EMBED.MANIFEST
E:\VS\DUILIB\WECHAT\WECHAT\DEBUG\WECHAT.EXE.EMBED.MANIFEST.RES
E:\VS\DUILIB\WECHAT\WECHAT\DEBUG\WECHAT.EXE.INTERMEDIATE.MANIFEST
E:\VS\DUILIB\WECHAT\WECHAT\DEBUG\WECHAT.PCH
E:\VS\DUILIB\WECHAT\WECHAT\DEBUG\WECHAT.RES
